<?xml version="1.0" encoding="UTF-8"?>
<!-- Generated by org.testng.reporters.JUnitReportReporter -->
<testsuite hostname="bhelbpl-THINK" name="LibraryTest" tests="1" failures="0" timestamp="16 Aug 2016 13:57:21 GMT" time="0.033" errors="0">
  <testcase name="testSomeLibraryMethod" time="0.033" classname="LibraryTest"/>
</testsuite> <!-- LibraryTest -->
