<?xml version="1.0" encoding="UTF-8"?>
<!-- Generated by org.testng.reporters.JUnitReportReporter -->
<testsuite hostname="bhelbpl-THINK" name="com.library.test.LibraryTest" tests="1" failures="0" timestamp="17 Aug 2016 16:04:09 GMT" time="0.014" errors="0">
  <testcase name="testSomeLibraryMethod" time="0.014" classname="com.library.test.LibraryTest"/>
</testsuite> <!-- com.library.test.LibraryTest -->
