<?xml version="1.0" encoding="UTF-8"?>
<!-- Generated by org.testng.reporters.JUnitReportReporter -->
<testsuite hostname="bhelbpl-THINK" name="com.sample.test.UploadTest" tests="1" failures="0" timestamp="17 Aug 2016 16:04:09 GMT" time="11.650" errors="0">
  <testcase name="uploadFile" time="11.650" classname="com.sample.test.UploadTest"/>
</testsuite> <!-- com.sample.test.UploadTest -->
